<?xml version="1.0" encoding="UTF-8"?>
<testng-results skipped="0" failed="0" total="1" passed="1">
  <reporter-output>
    <line>
      <![CDATA[Configuring Reports & getting test started..]]>
    </line>
    <line>
      <![CDATA[Reports Configured & test has started.]]>
    </line>
    <line>
      <![CDATA[Trying to start browser & getting application ready..]]>
    </line>
    <line>
      <![CDATA[Browser & Application is up and running..]]>
    </line>
    <line>
      <![CDATA[Test is getting completed..]]>
    </line>
    <line>
      <![CDATA[Test completed >> Reports generated.]]>
    </line>
  </reporter-output>
  <suite name="Suite" duration-ms="17568" started-at="2019-08-18T04:17:09Z" finished-at="2019-08-18T04:17:26Z">
    <groups>
    </groups>
    <test name="Test" duration-ms="17568" started-at="2019-08-18T04:17:09Z" finished-at="2019-08-18T04:17:26Z">
      <class name="com.freecrm.testcases.LoginTestCRM">
        <test-method status="PASS" signature="setupSuite()[pri:0, instance:com.freecrm.testcases.LoginTestCRM@1e67b872]" name="setupSuite" is-config="true" duration-ms="702" started-at="2019-08-18T09:47:08Z" finished-at="2019-08-18T09:47:09Z">
          <reporter-output>
            <line>
              <![CDATA[Configuring Reports & getting test started..]]>
            </line>
            <line>
              <![CDATA[Reports Configured & test has started.]]>
            </line>
          </reporter-output>
        </test-method> <!-- setupSuite -->
        <test-method status="PASS" signature="setup()[pri:0, instance:com.freecrm.testcases.LoginTestCRM@1e67b872]" name="setup" is-config="true" duration-ms="12137" started-at="2019-08-18T09:47:09Z" finished-at="2019-08-18T09:47:21Z">
          <reporter-output>
            <line>
              <![CDATA[Trying to start browser & getting application ready..]]>
            </line>
            <line>
              <![CDATA[Browser & Application is up and running..]]>
            </line>
          </reporter-output>
        </test-method> <!-- setup -->
        <test-method status="PASS" signature="loginApp()[pri:0, instance:com.freecrm.testcases.LoginTestCRM@1e67b872]" name="loginApp" duration-ms="3371" started-at="2019-08-18T09:47:21Z" finished-at="2019-08-18T09:47:24Z">
          <reporter-output>
          </reporter-output>
        </test-method> <!-- loginApp -->
        <test-method status="PASS" signature="tearDownMethod(org.testng.ITestResult)[pri:0, instance:com.freecrm.testcases.LoginTestCRM@1e67b872]" name="tearDownMethod" is-config="true" duration-ms="856" started-at="2019-08-18T09:47:24Z" finished-at="2019-08-18T09:47:25Z">
          <params>
            <param index="0">
              <value>
                <![CDATA[[TestResult name=loginApp status=SUCCESS method=LoginTestCRM.loginApp()[pri:0, instance:com.freecrm.testcases.LoginTestCRM@1e67b872] output={null}]]]>
              </value>
            </param>
          </params>
          <reporter-output>
            <line>
              <![CDATA[Test is getting completed..]]>
            </line>
            <line>
              <![CDATA[Test completed >> Reports generated.]]>
            </line>
          </reporter-output>
        </test-method> <!-- tearDownMethod -->
        <test-method status="PASS" signature="tearDown()[pri:0, instance:com.freecrm.testcases.LoginTestCRM@1e67b872]" name="tearDown" is-config="true" duration-ms="1195" started-at="2019-08-18T09:47:25Z" finished-at="2019-08-18T09:47:26Z">
          <reporter-output>
          </reporter-output>
        </test-method> <!-- tearDown -->
      </class> <!-- com.freecrm.testcases.LoginTestCRM -->
    </test> <!-- Test -->
  </suite> <!-- Suite -->
</testng-results>
